# JRE version: Java(TM) SE Runtime Environment (18.0+36) (build 18+36-2087)
# Java VM: Java HotSpot(TM) 64-Bit Server VM (18+36-2087, mixed mode, sharing, tiered, compressed oops, compressed class ptrs, g1 gc, windows-amd64)
GC Precious Log:
 CardTable entry size: 512
 Card Set container configuration: InlinePtr #cards 5 size 8 Array Of Cards #cards 12 size 40 Howl #buckets 4 coarsen threshold 1843 Howl Bitmap #cards 512 size 80 coarsen threshold 460 Card regions per heap region 1 cards per card region 2048
 CPUs: 8 total, 8 available
 Memory: 7893M
 Large Page Support: Disabled
 NUMA Support: Disabled
 Compressed Oops: Enabled (32-bit)
 Heap Region Size: 1M
 Heap Min Capacity: 8M
 Heap Initial Capacity: 124M
 Heap Max Capacity: 2G
 Pre-touch: Disabled
 Parallel Workers: 8
 Concurrent Workers: 2
 Concurrent Refinement Workers: 8
 Periodic GC: Disabled
Heap:
 garbage-first heap   total 188416K, used 133981K [0x0000000080000000, 0x0000000100000000)
  region size 1024K, 34 young (34816K), 8 survivors (8192K)
 Metaspace       used 83682K, committed 85760K, reserved 552960K
  class space    used 11675K, committed 12672K, reserved 421888K
GC Heap History (20 events):
Event: 19.750 GC heap before
{Heap before GC invocations=22 (full 0):
 garbage-first heap   total 89088K, used 71429K [0x0000000080000000, 0x0000000100000000)
  region size 1024K, 22 young (22528K), 1 survivors (1024K)
 Metaspace       used 57146K, committed 58816K, reserved 487424K
  class space    used 8057K, committed 8896K, reserved 421888K
}
Event: 19.754 GC heap after
{Heap after GC invocations=23 (full 0):
 garbage-first heap   total 89088K, used 52471K [0x0000000080000000, 0x0000000100000000)
  region size 1024K, 2 young (2048K), 2 survivors (2048K)
 Metaspace       used 57146K, committed 58816K, reserved 487424K
  class space    used 8057K, committed 8896K, reserved 421888K
}
Event: 20.352 GC heap before
{Heap before GC invocations=24 (full 0):
 garbage-first heap   total 94208K, used 71927K [0x0000000080000000, 0x0000000100000000)
  region size 1024K, 21 young (21504K), 2 survivors (2048K)
 Metaspace       used 58345K, committed 59968K, reserved 487424K
  class space    used 8198K, committed 9024K, reserved 421888K
}
Event: 20.356 GC heap after
{Heap after GC invocations=25 (full 0):
 garbage-first heap   total 94208K, used 54109K [0x0000000080000000, 0x0000000100000000)
  region size 1024K, 2 young (2048K), 2 survivors (2048K)
 Metaspace       used 58345K, committed 59968K, reserved 487424K
  class space    used 8198K, committed 9024K, reserved 421888K
}
Event: 20.391 GC heap before
{Heap before GC invocations=25 (full 0):
 garbage-first heap   total 94208K, used 56157K [0x0000000080000000, 0x0000000100000000)
  region size 1024K, 4 young (4096K), 2 survivors (2048K)
 Metaspace       used 58458K, committed 60096K, reserved 487424K
  class space    used 8214K, committed 9024K, reserved 421888K
}
Event: 20.393 GC heap after
{Heap after GC invocations=26 (full 0):
 garbage-first heap   total 94208K, used 53996K [0x0000000080000000, 0x0000000100000000)
  region size 1024K, 1 young (1024K), 1 survivors (1024K)
 Metaspace       used 58458K, committed 60096K, reserved 487424K
  class space    used 8214K, committed 9024K, reserved 421888K
}
Event: 20.762 GC heap before
{Heap before GC invocations=26 (full 0):
 garbage-first heap   total 94208K, used 75500K [0x0000000080000000, 0x0000000100000000)
  region size 1024K, 23 young (23552K), 1 survivors (1024K)
 Metaspace       used 60850K, committed 62592K, reserved 487424K
  class space    used 8558K, committed 9472K, reserved 421888K
}
Event: 20.766 GC heap after
{Heap after GC invocations=27 (full 0):
 garbage-first heap   total 188416K, used 56536K [0x0000000080000000, 0x0000000100000000)
  region size 1024K, 3 young (3072K), 3 survivors (3072K)
 Metaspace       used 60850K, committed 62592K, reserved 487424K
  class space    used 8558K, committed 9472K, reserved 421888K
}
Event: 22.065 GC heap before
{Heap before GC invocations=28 (full 0):
 garbage-first heap   total 188416K, used 144600K [0x0000000080000000, 0x0000000100000000)
  region size 1024K, 85 young (87040K), 3 survivors (3072K)
 Metaspace       used 67700K, committed 69504K, reserved 487424K
  class space    used 9381K, committed 10304K, reserved 421888K
}
Event: 22.071 GC heap after
{Heap after GC invocations=29 (full 0):
 garbage-first heap   total 188416K, used 72459K [0x0000000080000000, 0x0000000100000000)
  region size 1024K, 11 young (11264K), 11 survivors (11264K)
 Metaspace       used 67700K, committed 69504K, reserved 487424K
  class space    used 9381K, committed 10304K, reserved 421888K
}
Event: 22.081 GC heap before
{Heap before GC invocations=29 (full 0):
 garbage-first heap   total 188416K, used 73483K [0x0000000080000000, 0x0000000100000000)
  region size 1024K, 12 young (12288K), 11 survivors (11264K)
 Metaspace       used 67879K, committed 69632K, reserved 487424K
  class space    used 9400K, committed 10304K, reserved 421888K
}
Event: 22.086 GC heap after
{Heap after GC invocations=30 (full 0):
 garbage-first heap   total 188416K, used 73233K [0x0000000080000000, 0x0000000100000000)
  region size 1024K, 1 young (1024K), 1 survivors (1024K)
 Metaspace       used 67879K, committed 69632K, reserved 487424K
  class space    used 9400K, committed 10304K, reserved 421888K
}
Event: 22.887 GC heap before
{Heap before GC invocations=30 (full 0):
 garbage-first heap   total 188416K, used 150033K [0x0000000080000000, 0x0000000100000000)
  region size 1024K, 70 young (71680K), 1 survivors (1024K)
 Metaspace       used 74442K, committed 76288K, reserved 552960K
  class space    used 10198K, committed 11136K, reserved 421888K
}
Event: 22.892 GC heap after
{Heap after GC invocations=31 (full 0):
 garbage-first heap   total 188416K, used 78340K [0x0000000080000000, 0x0000000100000000)
  region size 1024K, 6 young (6144K), 6 survivors (6144K)
 Metaspace       used 74442K, committed 76288K, reserved 552960K
  class space    used 10198K, committed 11136K, reserved 421888K
}
Event: 31.179 GC heap before
{Heap before GC invocations=31 (full 0):
 garbage-first heap   total 188416K, used 144900K [0x0000000080000000, 0x0000000100000000)
  region size 1024K, 71 young (72704K), 6 survivors (6144K)
 Metaspace       used 76949K, committed 78848K, reserved 552960K
  class space    used 10575K, committed 11520K, reserved 421888K
}
Event: 31.186 GC heap after
{Heap after GC invocations=32 (full 0):
 garbage-first heap   total 188416K, used 84946K [0x0000000080000000, 0x0000000100000000)
  region size 1024K, 7 young (7168K), 7 survivors (7168K)
 Metaspace       used 76949K, committed 78848K, reserved 552960K
  class space    used 10575K, committed 11520K, reserved 421888K
}
Event: 32.222 GC heap before
{Heap before GC invocations=32 (full 0):
 garbage-first heap   total 188416K, used 146386K [0x0000000080000000, 0x0000000100000000)
  region size 1024K, 67 young (68608K), 7 survivors (7168K)
 Metaspace       used 81275K, committed 83200K, reserved 552960K
  class space    used 11333K, committed 12288K, reserved 421888K
}
Event: 32.231 GC heap after
{Heap after GC invocations=33 (full 0):
 garbage-first heap   total 188416K, used 90974K [0x0000000080000000, 0x0000000100000000)
  region size 1024K, 6 young (6144K), 6 survivors (6144K)
 Metaspace       used 81275K, committed 83200K, reserved 552960K
  class space    used 11333K, committed 12288K, reserved 421888K
}
Event: 34.356 GC heap before
{Heap before GC invocations=33 (full 0):
 garbage-first heap   total 188416K, used 155486K [0x0000000080000000, 0x0000000100000000)
  region size 1024K, 63 young (64512K), 6 survivors (6144K)
 Metaspace       used 83098K, committed 85120K, reserved 552960K
  class space    used 11592K, committed 12608K, reserved 421888K
}
Event: 34.368 GC heap after
{Heap after GC invocations=34 (full 0):
 garbage-first heap   total 188416K, used 106333K [0x0000000080000000, 0x0000000100000000)
  region size 1024K, 8 young (8192K), 8 survivors (8192K)
 Metaspace       used 83098K, committed 85120K, reserved 552960K
  class space    used 11592K, committed 12608K, reserved 421888K
}

